right 385
right 546
right 124
right 124
right 123
right 122
right 288
right 642
left 515
left 677
right 112
left 342
right 891
left 619
right 785
left 315
right 878
right 421
right 574
left 884
left 934
left 351
left 888
right 118
left 476
left 705
left 984
left 579
right 686
left 604
right 477
left 584
right 642
left 732
right 676
right 674
right 267
left 608
left 704
right 255
left 688
right 881
right 589
right 975
left 985
right 495
left 351
right 105
right 540
left 110
left 994
right 837
right 586
left 703
right 374
right 568
right 733
left 446
left 422
left 213
left 387
left 300
right 356
left 444
left 603
right 506
right 140
left 196
left 657
right 222
left 291
right 535
left 121
right 332
left 573
left 304
left 343
right 716
left 845
left 321
left 860
left 508
right 717
right 818
right 376
left 446
right 650
right 159
right 168
right 566
right 485
right 160
right 756
left 514
left 402
right 686
right 965
right 719
left 838
left 185
right 710
right 496
right 236
left 562
left 908
left 909
left 534
left 979
left 540
left 137
right 820
right 269
left 996
left 671
right 334
right 863
right 601
left 980
left 699
right 533
left 172
right 440
right 438
left 215
left 208
right 597
right 776
right 530
left 635
right 727
left 321
right 394
left 871
right 150
right 631
right 186
left 804
right 916
right 105
right 955
right 208
right 602
left 206
right 143
left 728
left 981
left 396
right 231
right 285
right 904
left 652
right 769
